[24-May-2025 04:26:24 Europe/Berlin] Coordinator page accessed by: lark@gmail.com
[24-May-2025 04:29:02 Europe/Berlin] Coordinator page accessed by: lark@gmail.com
[24-May-2025 04:31:02 Europe/Berlin] Starting 4_Event.php script
[24-May-2025 04:31:02 Europe/Berlin] Starting new session
[24-May-2025 04:31:02 Europe/Berlin] Session data: Array
(
    [name] => Lark Bolotaolo
    [student_id] => 1111111
    [email] => lark@gmail.com
    [role] => coordinator
    [client_id] => 20
)

[24-May-2025 04:31:02 Europe/Berlin] Coordinator page accessed by: lark@gmail.com
[24-May-2025 04:31:02 Europe/Berlin] Looking for config file at: D:\Project\Project_Event_Database\Project_Event_Database\pages/../config.php
[24-May-2025 04:31:02 Europe/Berlin] Including config file
[24-May-2025 04:31:13 Europe/Berlin] Starting 4_Event.php script
[24-May-2025 04:31:13 Europe/Berlin] Starting new session
[24-May-2025 04:31:13 Europe/Berlin] Session data: Array
(
    [name] => Lark Bolotaolo
    [student_id] => 1111111
    [email] => lark@gmail.com
    [role] => coordinator
    [client_id] => 20
)

[24-May-2025 04:31:13 Europe/Berlin] Coordinator page accessed by: lark@gmail.com
[24-May-2025 04:31:13 Europe/Berlin] Looking for config file at: D:\Project\Project_Event_Database\Project_Event_Database\pages/../config.php
[24-May-2025 04:31:13 Europe/Berlin] Including config file
[24-May-2025 04:32:45 Europe/Berlin] Starting 4_Event.php script
[24-May-2025 04:32:45 Europe/Berlin] Starting new session
[24-May-2025 04:32:45 Europe/Berlin] Session data: Array
(
    [name] => Lark Bolotaolo
    [student_id] => 1111111
    [email] => lark@gmail.com
    [role] => coordinator
    [client_id] => 20
)

[24-May-2025 04:32:45 Europe/Berlin] Coordinator page accessed by: lark@gmail.com
[24-May-2025 04:32:45 Europe/Berlin] Looking for config file at: D:\Project\Project_Event_Database\Project_Event_Database\pages/../config.php
[24-May-2025 04:32:45 Europe/Berlin] Including config file
[24-May-2025 04:33:23 Europe/Berlin] Starting 4_Event.php script
[24-May-2025 04:33:23 Europe/Berlin] Starting new session
[24-May-2025 04:33:23 Europe/Berlin] Session data: Array
(
    [name] => Lark Bolotaolo
    [student_id] => 1111111
    [email] => lark@gmail.com
    [role] => coordinator
    [client_id] => 20
)

[24-May-2025 04:33:23 Europe/Berlin] Coordinator page accessed by: lark@gmail.com
[24-May-2025 04:33:23 Europe/Berlin] Looking for config file at: D:\Project\Project_Event_Database\Project_Event_Database\pages/../config.php
[24-May-2025 04:33:23 Europe/Berlin] Including config file
[24-May-2025 04:34:03 Europe/Berlin] Starting 4_Event.php script
[24-May-2025 04:34:03 Europe/Berlin] Starting new session
[24-May-2025 04:34:03 Europe/Berlin] Session data: Array
(
    [name] => Lark Bolotaolo
    [student_id] => 1111111
    [email] => lark@gmail.com
    [role] => coordinator
    [client_id] => 20
)

[24-May-2025 04:34:03 Europe/Berlin] Coordinator page accessed by: lark@gmail.com
[24-May-2025 04:34:03 Europe/Berlin] Looking for config file at: D:\Project\Project_Event_Database\Project_Event_Database\pages/../config.php
[24-May-2025 04:34:03 Europe/Berlin] Including config file
[24-May-2025 04:35:24 Europe/Berlin] Starting 4_Event.php script
[24-May-2025 04:35:24 Europe/Berlin] Starting new session
[24-May-2025 04:35:24 Europe/Berlin] Session data: Array
(
    [name] => Lark Bolotaolo
    [student_id] => 1111111
    [email] => lark@gmail.com
    [role] => coordinator
    [client_id] => 20
)

[24-May-2025 04:35:24 Europe/Berlin] Coordinator page accessed by: lark@gmail.com
[24-May-2025 04:35:24 Europe/Berlin] Looking for config file at: D:\Project\Project_Event_Database\Project_Event_Database\pages/../config.php
[24-May-2025 04:35:24 Europe/Berlin] Including config file
[24-May-2025 04:35:46 Europe/Berlin] Starting 4_Event.php script
[24-May-2025 04:35:46 Europe/Berlin] Starting new session
[24-May-2025 04:35:46 Europe/Berlin] Session data: Array
(
    [name] => Lark Bolotaolo
    [student_id] => 1111111
    [email] => lark@gmail.com
    [role] => coordinator
    [client_id] => 20
)

[24-May-2025 04:35:46 Europe/Berlin] Coordinator page accessed by: lark@gmail.com
[24-May-2025 04:35:46 Europe/Berlin] Looking for config file at: D:\Project\Project_Event_Database\Project_Event_Database\pages/../config.php
[24-May-2025 04:35:46 Europe/Berlin] Including config file
[24-May-2025 04:38:10 Europe/Berlin] Starting 4_Event.php script
[24-May-2025 04:38:10 Europe/Berlin] Starting new session
[24-May-2025 04:38:10 Europe/Berlin] Session data: Array
(
    [name] => Lark Bolotaolo
    [student_id] => 1111111
    [email] => lark@gmail.com
    [role] => coordinator
    [client_id] => 20
)

[24-May-2025 04:38:10 Europe/Berlin] Coordinator page accessed by: lark@gmail.com
[24-May-2025 04:38:10 Europe/Berlin] Looking for config file at: D:\Project\Project_Event_Database\Project_Event_Database\pages/../config.php
[24-May-2025 04:38:10 Europe/Berlin] Including config file
[24-May-2025 04:43:27 Europe/Berlin] Starting 4_Event.php script
[24-May-2025 04:43:27 Europe/Berlin] Starting new session
[24-May-2025 04:43:27 Europe/Berlin] Session data: Array
(
    [name] => Lark Bolotaolo
    [student_id] => 1111111
    [email] => lark@gmail.com
    [role] => coordinator
    [client_id] => 20
)

[24-May-2025 04:43:27 Europe/Berlin] Coordinator page accessed by: lark@gmail.com
[24-May-2025 04:43:27 Europe/Berlin] Looking for config file at: D:\Project\Project_Event_Database\Project_Event_Database\pages/../config.php
[24-May-2025 04:43:27 Europe/Berlin] Including config file
[24-May-2025 06:25:10 Europe/Berlin] Starting 4_Event.php script
[24-May-2025 06:25:10 Europe/Berlin] Starting new session
[24-May-2025 06:25:10 Europe/Berlin] Session data: Array
(
    [name] => Lark Bolotaolo
    [student_id] => 1111111
    [email] => lark@gmail.com
    [role] => coordinator
    [client_id] => 20
)

[24-May-2025 06:25:10 Europe/Berlin] Coordinator page accessed by: lark@gmail.com
[24-May-2025 06:25:10 Europe/Berlin] Looking for config file at: D:\Project\Project_Event_Database\Project_Event_Database\pages/../config.php
[24-May-2025 06:25:10 Europe/Berlin] Including config file
[24-May-2025 06:27:17 Europe/Berlin] Starting 4_Event.php script
[24-May-2025 06:27:17 Europe/Berlin] Starting new session
[24-May-2025 06:27:17 Europe/Berlin] Session data: Array
(
    [name] => Lark Bolotaolo
    [student_id] => 1111111
    [email] => lark@gmail.com
    [role] => coordinator
    [client_id] => 20
)

[24-May-2025 06:27:17 Europe/Berlin] Coordinator page accessed by: lark@gmail.com
[24-May-2025 06:27:17 Europe/Berlin] Looking for config file at: D:\Project\Project_Event_Database\Project_Event_Database\pages/../config.php
[24-May-2025 06:27:17 Europe/Berlin] Including config file
[24-May-2025 06:27:54 Europe/Berlin] Starting 4_Event.php script
[24-May-2025 06:27:54 Europe/Berlin] Starting new session
[24-May-2025 06:27:54 Europe/Berlin] Session data: Array
(
    [name] => Lark Bolotaolo
    [student_id] => 1111111
    [email] => lark@gmail.com
    [role] => coordinator
    [client_id] => 20
)

[24-May-2025 06:27:54 Europe/Berlin] Coordinator page accessed by: lark@gmail.com
[24-May-2025 06:27:54 Europe/Berlin] Looking for config file at: D:\Project\Project_Event_Database\Project_Event_Database\pages/../config.php
[24-May-2025 06:27:54 Europe/Berlin] Including config file
[24-May-2025 06:46:46 Europe/Berlin] Starting 4_Event.php script
[24-May-2025 06:46:46 Europe/Berlin] Starting new session
[24-May-2025 06:46:46 Europe/Berlin] Session data: Array
(
    [name] => Lark Bolotaolo
    [student_id] => 1111111
    [email] => lark@gmail.com
    [role] => coordinator
    [client_id] => 20
)

[24-May-2025 06:46:46 Europe/Berlin] Coordinator page accessed by: lark@gmail.com
[24-May-2025 06:46:46 Europe/Berlin] Looking for config file at: D:\Project\Project_Event_Database\Project_Event_Database\pages/../config.php
[24-May-2025 06:46:46 Europe/Berlin] Including config file
[24-May-2025 07:38:44 Europe/Berlin] Starting 4_Event.php script
[24-May-2025 07:38:44 Europe/Berlin] Starting new session
[24-May-2025 07:38:44 Europe/Berlin] Session data: Array
(
    [name] => Lark Bolotaolo
    [student_id] => 1111111
    [email] => lark@gmail.com
    [role] => coordinator
    [client_id] => 20
)

[24-May-2025 07:38:44 Europe/Berlin] Coordinator page accessed by: lark@gmail.com
[24-May-2025 07:38:44 Europe/Berlin] Looking for config file at: D:\Project\Project_Event_Database\Project_Event_Database\pages/../config.php
[24-May-2025 07:38:44 Europe/Berlin] Including config file
[24-May-2025 07:40:11 Europe/Berlin] Starting 4_Event.php script
[24-May-2025 07:40:11 Europe/Berlin] Starting new session
[24-May-2025 07:40:11 Europe/Berlin] Session data: Array
(
    [name] => Lark Bolotaolo
    [student_id] => 1111111
    [email] => lark@gmail.com
    [role] => coordinator
    [client_id] => 20
)

[24-May-2025 07:40:11 Europe/Berlin] Coordinator page accessed by: lark@gmail.com
[24-May-2025 07:40:11 Europe/Berlin] Looking for config file at: D:\Project\Project_Event_Database\Project_Event_Database\pages/../config.php
[24-May-2025 07:40:11 Europe/Berlin] Including config file
[24-May-2025 08:05:33 Europe/Berlin] Starting 4_Event.php script
[24-May-2025 08:05:33 Europe/Berlin] Starting new session
[24-May-2025 08:05:33 Europe/Berlin] Session data: Array
(
    [name] => Lark Bolotaolo
    [student_id] => 1111111
    [email] => lark@gmail.com
    [role] => coordinator
    [client_id] => 20
)

[24-May-2025 08:05:33 Europe/Berlin] Coordinator page accessed by: lark@gmail.com
[24-May-2025 08:05:33 Europe/Berlin] Looking for config file at: D:\Project\Project_Event_Database\Project_Event_Database\pages/../config.php
[24-May-2025 08:05:33 Europe/Berlin] Including config file
[24-May-2025 08:05:50 Europe/Berlin] Starting 4_Event.php script
[24-May-2025 08:05:50 Europe/Berlin] Starting new session
[24-May-2025 08:05:50 Europe/Berlin] Session data: Array
(
    [name] => Lark Bolotaolo
    [student_id] => 1111111
    [email] => lark@gmail.com
    [role] => coordinator
    [client_id] => 20
)

[24-May-2025 08:05:50 Europe/Berlin] Coordinator page accessed by: lark@gmail.com
[24-May-2025 08:05:50 Europe/Berlin] Looking for config file at: D:\Project\Project_Event_Database\Project_Event_Database\pages/../config.php
[24-May-2025 08:05:50 Europe/Berlin] Including config file
[24-May-2025 08:20:08 Europe/Berlin] Starting 4_Event.php script
[24-May-2025 08:20:08 Europe/Berlin] Starting new session
[24-May-2025 08:20:08 Europe/Berlin] Session data: Array
(
    [name] => Lark Bolotaolo
    [student_id] => 1111111
    [email] => lark@gmail.com
    [role] => coordinator
    [client_id] => 20
)

[24-May-2025 08:20:08 Europe/Berlin] Coordinator page accessed by: lark@gmail.com
[24-May-2025 08:20:08 Europe/Berlin] Looking for config file at: D:\Project\Project_Event_Database\Project_Event_Database\pages/../config.php
[24-May-2025 08:20:08 Europe/Berlin] Including config file
[24-May-2025 08:20:31 Europe/Berlin] Starting 4_Event.php script
[24-May-2025 08:20:31 Europe/Berlin] Starting new session
[24-May-2025 08:20:31 Europe/Berlin] Session data: Array
(
    [name] => Lark Bolotaolo
    [student_id] => 1111111
    [email] => lark@gmail.com
    [role] => coordinator
    [client_id] => 20
)

[24-May-2025 08:20:31 Europe/Berlin] Coordinator page accessed by: lark@gmail.com
[24-May-2025 08:20:31 Europe/Berlin] Looking for config file at: D:\Project\Project_Event_Database\Project_Event_Database\pages/../config.php
[24-May-2025 08:20:31 Europe/Berlin] Including config file
[24-May-2025 08:23:24 Europe/Berlin] Starting 4_Event.php script
[24-May-2025 08:23:24 Europe/Berlin] Starting new session
[24-May-2025 08:23:24 Europe/Berlin] Session data: Array
(
    [name] => Lark Bolotaolo
    [student_id] => 1111111
    [email] => lark@gmail.com
    [role] => coordinator
    [client_id] => 20
)

[24-May-2025 08:23:24 Europe/Berlin] Coordinator page accessed by: lark@gmail.com
[24-May-2025 08:23:24 Europe/Berlin] Looking for config file at: D:\Project\Project_Event_Database\Project_Event_Database\pages/../config.php
[24-May-2025 08:23:24 Europe/Berlin] Including config file
[24-May-2025 08:26:49 Europe/Berlin] Starting 4_Event.php script
[24-May-2025 08:26:49 Europe/Berlin] Starting new session
[24-May-2025 08:26:49 Europe/Berlin] Session data: Array
(
    [name] => Lark Bolotaolo
    [student_id] => 1111111
    [email] => lark@gmail.com
    [role] => coordinator
    [client_id] => 20
)

[24-May-2025 08:26:49 Europe/Berlin] Coordinator page accessed by: lark@gmail.com
[24-May-2025 08:26:49 Europe/Berlin] Looking for config file at: D:\Project\Project_Event_Database\Project_Event_Database\pages/../config.php
[24-May-2025 08:26:49 Europe/Berlin] Including config file
[24-May-2025 08:35:25 Europe/Berlin] Starting 4_Event.php script
[24-May-2025 08:35:25 Europe/Berlin] Starting new session
[24-May-2025 08:35:25 Europe/Berlin] Session data: Array
(
    [name] => Lark Bolotaolo
    [student_id] => 1111111
    [email] => lark@gmail.com
    [role] => coordinator
    [client_id] => 20
)

[24-May-2025 08:35:25 Europe/Berlin] Coordinator page accessed by: lark@gmail.com
[24-May-2025 08:35:25 Europe/Berlin] Looking for config file at: D:\Project\Project_Event_Database\Project_Event_Database\pages/../config.php
[24-May-2025 08:35:25 Europe/Berlin] Including config file
[24-May-2025 08:36:26 Europe/Berlin] Starting 4_Event.php script
[24-May-2025 08:36:26 Europe/Berlin] Starting new session
[24-May-2025 08:36:26 Europe/Berlin] Session data: Array
(
    [name] => Lark Bolotaolo
    [student_id] => 1111111
    [email] => lark@gmail.com
    [role] => coordinator
    [client_id] => 20
)

[24-May-2025 08:36:26 Europe/Berlin] Coordinator page accessed by: lark@gmail.com
[24-May-2025 08:36:26 Europe/Berlin] Looking for config file at: D:\Project\Project_Event_Database\Project_Event_Database\pages/../config.php
[24-May-2025 08:36:26 Europe/Berlin] Including config file
[24-May-2025 08:41:01 Europe/Berlin] Starting 4_Event.php script
[24-May-2025 08:41:01 Europe/Berlin] Starting new session
[24-May-2025 08:41:01 Europe/Berlin] Session data: Array
(
    [name] => Lark Bolotaolo
    [student_id] => 1111111
    [email] => lark@gmail.com
    [role] => coordinator
    [client_id] => 20
)

[24-May-2025 08:41:01 Europe/Berlin] Coordinator page accessed by: lark@gmail.com
[24-May-2025 08:41:01 Europe/Berlin] Looking for config file at: D:\Project\Project_Event_Database\Project_Event_Database\pages/../config.php
[24-May-2025 08:41:01 Europe/Berlin] Including config file
[24-May-2025 08:42:05 Europe/Berlin] Starting 4_Event.php script
[24-May-2025 08:42:05 Europe/Berlin] Starting new session
[24-May-2025 08:42:05 Europe/Berlin] Session data: Array
(
    [name] => Lark Bolotaolo
    [student_id] => 1111111
    [email] => lark@gmail.com
    [role] => coordinator
    [client_id] => 20
)

[24-May-2025 08:42:05 Europe/Berlin] Coordinator page accessed by: lark@gmail.com
[24-May-2025 08:42:05 Europe/Berlin] Looking for config file at: D:\Project\Project_Event_Database\Project_Event_Database\pages/../config.php
[24-May-2025 08:42:05 Europe/Berlin] Including config file
[24-May-2025 09:12:57 Europe/Berlin] Starting 4_Event.php script
[24-May-2025 09:12:57 Europe/Berlin] Starting new session
[24-May-2025 09:12:57 Europe/Berlin] Session data: Array
(
    [name] => Lark Bolotaolo
    [student_id] => 1111111
    [email] => lark@gmail.com
    [role] => coordinator
    [client_id] => 20
)

[24-May-2025 09:12:57 Europe/Berlin] Coordinator page accessed by: lark@gmail.com
[24-May-2025 09:12:57 Europe/Berlin] Looking for config file at: D:\Project\Project_Event_Database\Project_Event_Database\pages/../config.php
[24-May-2025 09:12:57 Europe/Berlin] Including config file
[26-May-2025 05:21:46 Europe/Berlin] Starting 4_Event.php script
[26-May-2025 05:21:46 Europe/Berlin] Starting new session
[26-May-2025 05:21:46 Europe/Berlin] Session data: Array
(
    [name] => Lark Bolotaolo
    [student_id] => 1111111
    [email] => lark@gmail.com
    [role] => coordinator
    [client_id] => 20
)

[26-May-2025 05:21:46 Europe/Berlin] Coordinator page accessed by: lark@gmail.com
[26-May-2025 05:21:46 Europe/Berlin] Looking for config file at: D:\Project\Project_Event_Database\Project_Event_Database\pages/../config.php
[26-May-2025 05:21:46 Europe/Berlin] Including config file
[26-May-2025 05:22:09 Europe/Berlin] Starting 4_Event.php script
[26-May-2025 05:22:09 Europe/Berlin] Starting new session
[26-May-2025 05:22:09 Europe/Berlin] Session data: Array
(
    [name] => Lark Bolotaolo
    [student_id] => 1111111
    [email] => lark@gmail.com
    [role] => coordinator
    [client_id] => 20
)

[26-May-2025 05:22:09 Europe/Berlin] Coordinator page accessed by: lark@gmail.com
[26-May-2025 05:22:09 Europe/Berlin] Looking for config file at: D:\Project\Project_Event_Database\Project_Event_Database\pages/../config.php
[26-May-2025 05:22:09 Europe/Berlin] Including config file
[26-May-2025 06:13:44 Europe/Berlin] Starting 4_Event.php script
[26-May-2025 06:13:44 Europe/Berlin] Starting new session
[26-May-2025 06:13:44 Europe/Berlin] Session data: Array
(
    [name] => Lark Bolotaolo
    [student_id] => 1111111
    [email] => lark@gmail.com
    [role] => coordinator
    [client_id] => 20
)

[26-May-2025 06:13:44 Europe/Berlin] Coordinator page accessed by: lark@gmail.com
[26-May-2025 06:13:44 Europe/Berlin] Looking for config file at: D:\Project\Project_Event_Database\Project_Event_Database\pages/../config.php
[26-May-2025 06:13:44 Europe/Berlin] Including config file
[26-May-2025 10:11:54 Europe/Berlin] Starting 4_Event.php script
[26-May-2025 10:11:54 Europe/Berlin] Starting new session
[26-May-2025 10:11:54 Europe/Berlin] Session data: Array
(
    [name] => Lark Bolotaolo
    [student_id] => 1111111
    [email] => lark@gmail.com
    [role] => coordinator
    [client_id] => 20
)

[26-May-2025 10:11:54 Europe/Berlin] Coordinator page accessed by: lark@gmail.com
[26-May-2025 10:11:54 Europe/Berlin] Looking for config file at: D:\Project\Project_Event_Database\Project_Event_Database\pages/../config.php
[26-May-2025 10:11:54 Europe/Berlin] Including config file
[26-May-2025 10:12:35 Europe/Berlin] Starting 4_Event.php script
[26-May-2025 10:12:35 Europe/Berlin] Starting new session
[26-May-2025 10:12:35 Europe/Berlin] Session data: Array
(
    [name] => Lark Bolotaolo
    [student_id] => 1111111
    [email] => lark@gmail.com
    [role] => coordinator
    [client_id] => 20
)

[26-May-2025 10:12:35 Europe/Berlin] Coordinator page accessed by: lark@gmail.com
[26-May-2025 10:12:35 Europe/Berlin] Looking for config file at: D:\Project\Project_Event_Database\Project_Event_Database\pages/../config.php
[26-May-2025 10:12:35 Europe/Berlin] Including config file
[26-May-2025 10:13:13 Europe/Berlin] Starting 4_Event.php script
[26-May-2025 10:13:13 Europe/Berlin] Starting new session
[26-May-2025 10:13:13 Europe/Berlin] Session data: Array
(
    [name] => Lark Bolotaolo
    [student_id] => 1111111
    [email] => lark@gmail.com
    [role] => coordinator
    [client_id] => 20
)

[26-May-2025 10:13:13 Europe/Berlin] Coordinator page accessed by: lark@gmail.com
[26-May-2025 10:13:13 Europe/Berlin] Looking for config file at: D:\Project\Project_Event_Database\Project_Event_Database\pages/../config.php
[26-May-2025 10:13:13 Europe/Berlin] Including config file
[26-May-2025 10:21:30 Europe/Berlin] Starting 4_Event.php script
[26-May-2025 10:21:30 Europe/Berlin] Starting new session
[26-May-2025 10:21:30 Europe/Berlin] Session data: Array
(
    [name] => Lark Bolotaolo
    [student_id] => 1111111
    [email] => lark@gmail.com
    [role] => coordinator
    [client_id] => 20
)

[26-May-2025 10:21:30 Europe/Berlin] Coordinator page accessed by: lark@gmail.com
[26-May-2025 10:21:30 Europe/Berlin] Looking for config file at: D:\Project\Project_Event_Database\Project_Event_Database\pages/../config.php
[26-May-2025 10:21:30 Europe/Berlin] Including config file
