[24-May-2025 06:59:26 Europe/Berlin] Session started
[24-May-2025 06:59:26 Europe/Berlin] Database connection file included
[24-May-2025 06:59:26 Europe/Berlin] Database connection successful
[24-May-2025 06:59:26 Europe/Berlin] Database query test successful
[24-May-2025 06:59:26 Europe/Berlin] Search parameter: 
[24-May-2025 06:59:26 Europe/Berlin] Default query executed successfully
[24-May-2025 06:59:26 Europe/Berlin] Number of results: 3
[24-May-2025 06:59:31 Europe/Berlin] Session started
[24-May-2025 06:59:31 Europe/Berlin] Database connection file included
[24-May-2025 06:59:31 Europe/Berlin] Database connection successful
[24-May-2025 06:59:31 Europe/Berlin] Database query test successful
[24-May-2025 06:59:31 Europe/Berlin] Search parameter: 
[24-May-2025 06:59:31 Europe/Berlin] Default query executed successfully
[24-May-2025 06:59:31 Europe/Berlin] Number of results: 3
[24-May-2025 07:00:23 Europe/Berlin] Session started
[24-May-2025 07:00:23 Europe/Berlin] Database connection file included
[24-May-2025 07:00:23 Europe/Berlin] Database connection successful
[24-May-2025 07:00:23 Europe/Berlin] Database query test successful
[24-May-2025 07:00:23 Europe/Berlin] Search parameter: 
[24-May-2025 07:00:23 Europe/Berlin] Default query executed successfully
[24-May-2025 07:00:23 Europe/Berlin] Number of results: 3
[24-May-2025 07:02:10 Europe/Berlin] Session started
[24-May-2025 07:02:10 Europe/Berlin] Database connection file included
[24-May-2025 07:02:10 Europe/Berlin] Database connection successful
[24-May-2025 07:02:10 Europe/Berlin] Database query test successful
[24-May-2025 07:02:10 Europe/Berlin] Search parameter: 
[24-May-2025 07:02:10 Europe/Berlin] Default query executed successfully
[24-May-2025 07:02:10 Europe/Berlin] Number of results: 3
[24-May-2025 07:02:14 Europe/Berlin] Session started
[24-May-2025 07:02:14 Europe/Berlin] Database connection file included
[24-May-2025 07:02:14 Europe/Berlin] Database connection successful
[24-May-2025 07:02:14 Europe/Berlin] Database query test successful
[24-May-2025 07:02:14 Europe/Berlin] Search parameter: 
[24-May-2025 07:02:14 Europe/Berlin] Default query executed successfully
[24-May-2025 07:02:14 Europe/Berlin] Number of results: 3
[24-May-2025 07:02:16 Europe/Berlin] Session started
[24-May-2025 07:02:16 Europe/Berlin] Database connection file included
[24-May-2025 07:02:16 Europe/Berlin] Database connection successful
[24-May-2025 07:02:16 Europe/Berlin] Database query test successful
[24-May-2025 07:02:16 Europe/Berlin] Search parameter: 
[24-May-2025 07:02:16 Europe/Berlin] Default query executed successfully
[24-May-2025 07:02:16 Europe/Berlin] Number of results: 3
[24-May-2025 07:02:18 Europe/Berlin] Session started
[24-May-2025 07:02:18 Europe/Berlin] Database connection file included
[24-May-2025 07:02:18 Europe/Berlin] Database connection successful
[24-May-2025 07:02:18 Europe/Berlin] Database query test successful
[24-May-2025 07:02:18 Europe/Berlin] Search parameter: 
[24-May-2025 07:02:18 Europe/Berlin] Default query executed successfully
[24-May-2025 07:02:18 Europe/Berlin] Number of results: 3
[24-May-2025 07:04:39 Europe/Berlin] Session started
[24-May-2025 07:04:39 Europe/Berlin] Database connection file included
[24-May-2025 07:04:39 Europe/Berlin] Database connection successful
[24-May-2025 07:04:39 Europe/Berlin] Database query test successful
[24-May-2025 07:04:39 Europe/Berlin] Search parameter: 
[24-May-2025 07:04:39 Europe/Berlin] Default query executed successfully
[24-May-2025 07:04:39 Europe/Berlin] Number of results: 3
[24-May-2025 07:05:12 Europe/Berlin] Session started
[24-May-2025 07:05:12 Europe/Berlin] Database connection file included
[24-May-2025 07:05:12 Europe/Berlin] Database connection successful
[24-May-2025 07:05:12 Europe/Berlin] Database query test successful
[24-May-2025 07:05:12 Europe/Berlin] Search parameter: 
[24-May-2025 07:05:12 Europe/Berlin] Default query executed successfully
[24-May-2025 07:05:12 Europe/Berlin] Number of results: 3
[24-May-2025 07:05:28 Europe/Berlin] Session started
[24-May-2025 07:05:28 Europe/Berlin] Database connection file included
[24-May-2025 07:05:28 Europe/Berlin] Database connection successful
[24-May-2025 07:05:28 Europe/Berlin] Database query test successful
[24-May-2025 07:05:28 Europe/Berlin] Search parameter: 
[24-May-2025 07:05:28 Europe/Berlin] Default query executed successfully
[24-May-2025 07:05:28 Europe/Berlin] Number of results: 3
[24-May-2025 07:06:47 Europe/Berlin] Session started
[24-May-2025 07:06:47 Europe/Berlin] Database connection file included
[24-May-2025 07:06:47 Europe/Berlin] Database connection successful
[24-May-2025 07:06:47 Europe/Berlin] Database query test successful
[24-May-2025 07:06:47 Europe/Berlin] Search parameter: 
[24-May-2025 07:06:47 Europe/Berlin] Default query executed successfully
[24-May-2025 07:06:47 Europe/Berlin] Number of results: 3
[24-May-2025 07:07:32 Europe/Berlin] Session started
[24-May-2025 07:07:32 Europe/Berlin] Database connection file included
[24-May-2025 07:07:32 Europe/Berlin] Database connection successful
[24-May-2025 07:07:32 Europe/Berlin] Database query test successful
[24-May-2025 07:07:32 Europe/Berlin] Search parameter: 
[24-May-2025 07:07:32 Europe/Berlin] Default query executed successfully
[24-May-2025 07:07:32 Europe/Berlin] Number of results: 3
[24-May-2025 07:07:35 Europe/Berlin] Session started
[24-May-2025 07:07:35 Europe/Berlin] Database connection file included
[24-May-2025 07:07:35 Europe/Berlin] Database connection successful
[24-May-2025 07:07:35 Europe/Berlin] Database query test successful
[24-May-2025 07:07:35 Europe/Berlin] Search parameter: 
[24-May-2025 07:07:35 Europe/Berlin] Default query executed successfully
[24-May-2025 07:07:35 Europe/Berlin] Number of results: 3
[24-May-2025 07:08:28 Europe/Berlin] Session started
[24-May-2025 07:08:28 Europe/Berlin] Database connection file included
[24-May-2025 07:08:28 Europe/Berlin] Database connection successful
[24-May-2025 07:08:28 Europe/Berlin] Database query test successful
[24-May-2025 07:08:28 Europe/Berlin] Search parameter: 
[24-May-2025 07:08:28 Europe/Berlin] Default query executed successfully
[24-May-2025 07:08:28 Europe/Berlin] Number of results: 3
[24-May-2025 07:08:35 Europe/Berlin] Session started
[24-May-2025 07:08:35 Europe/Berlin] Database connection file included
[24-May-2025 07:08:35 Europe/Berlin] Database connection successful
[24-May-2025 07:08:35 Europe/Berlin] Database query test successful
[24-May-2025 07:08:35 Europe/Berlin] Search parameter: 
[24-May-2025 07:08:35 Europe/Berlin] Default query executed successfully
[24-May-2025 07:08:35 Europe/Berlin] Number of results: 3
[24-May-2025 07:08:38 Europe/Berlin] Session started
[24-May-2025 07:08:38 Europe/Berlin] Database connection file included
[24-May-2025 07:08:38 Europe/Berlin] Database connection successful
[24-May-2025 07:08:38 Europe/Berlin] Database query test successful
[24-May-2025 07:08:38 Europe/Berlin] Search parameter: 
[24-May-2025 07:08:38 Europe/Berlin] Default query executed successfully
[24-May-2025 07:08:38 Europe/Berlin] Number of results: 3
[24-May-2025 07:08:41 Europe/Berlin] Session started
[24-May-2025 07:08:41 Europe/Berlin] Database connection file included
[24-May-2025 07:08:41 Europe/Berlin] Database connection successful
[24-May-2025 07:08:41 Europe/Berlin] Database query test successful
[24-May-2025 07:08:41 Europe/Berlin] Search parameter: 
[24-May-2025 07:08:41 Europe/Berlin] Default query executed successfully
[24-May-2025 07:08:41 Europe/Berlin] Number of results: 3
[24-May-2025 07:08:42 Europe/Berlin] Session started
[24-May-2025 07:08:42 Europe/Berlin] Database connection file included
[24-May-2025 07:08:42 Europe/Berlin] Database connection successful
[24-May-2025 07:08:42 Europe/Berlin] Database query test successful
[24-May-2025 07:08:42 Europe/Berlin] Search parameter: 
[24-May-2025 07:08:42 Europe/Berlin] Default query executed successfully
[24-May-2025 07:08:42 Europe/Berlin] Number of results: 3
[24-May-2025 07:08:46 Europe/Berlin] Session started
[24-May-2025 07:08:46 Europe/Berlin] Database connection file included
[24-May-2025 07:08:46 Europe/Berlin] Database connection successful
[24-May-2025 07:08:46 Europe/Berlin] Database query test successful
[24-May-2025 07:08:46 Europe/Berlin] Search parameter: 
[24-May-2025 07:08:46 Europe/Berlin] Default query executed successfully
[24-May-2025 07:08:46 Europe/Berlin] Number of results: 3
[24-May-2025 07:09:09 Europe/Berlin] Session started
[24-May-2025 07:09:09 Europe/Berlin] Database connection file included
[24-May-2025 07:09:09 Europe/Berlin] Database connection successful
[24-May-2025 07:09:09 Europe/Berlin] Database query test successful
[24-May-2025 07:09:09 Europe/Berlin] Search parameter: 
[24-May-2025 07:09:09 Europe/Berlin] Default query executed successfully
[24-May-2025 07:09:09 Europe/Berlin] Number of results: 3
[24-May-2025 07:09:27 Europe/Berlin] Session started
[24-May-2025 07:09:27 Europe/Berlin] Database connection file included
[24-May-2025 07:09:27 Europe/Berlin] Database connection successful
[24-May-2025 07:09:27 Europe/Berlin] Database query test successful
[24-May-2025 07:09:27 Europe/Berlin] Search parameter: 
[24-May-2025 07:09:27 Europe/Berlin] Default query executed successfully
[24-May-2025 07:09:27 Europe/Berlin] Number of results: 3
[24-May-2025 07:09:37 Europe/Berlin] Session started
[24-May-2025 07:09:37 Europe/Berlin] Database connection file included
[24-May-2025 07:09:37 Europe/Berlin] Database connection successful
[24-May-2025 07:09:37 Europe/Berlin] Database query test successful
[24-May-2025 07:09:37 Europe/Berlin] Search parameter: 
[24-May-2025 07:09:37 Europe/Berlin] Default query executed successfully
[24-May-2025 07:09:37 Europe/Berlin] Number of results: 3
[24-May-2025 07:11:43 Europe/Berlin] Session started
[24-May-2025 07:11:43 Europe/Berlin] Database connection file included
[24-May-2025 07:11:43 Europe/Berlin] Database connection successful
[24-May-2025 07:11:43 Europe/Berlin] Database query test successful
[24-May-2025 07:11:43 Europe/Berlin] Search parameter: 
[24-May-2025 07:11:43 Europe/Berlin] Default query executed successfully
[24-May-2025 07:11:43 Europe/Berlin] Number of results: 3
[24-May-2025 07:11:47 Europe/Berlin] Session started
[24-May-2025 07:11:47 Europe/Berlin] Database connection file included
[24-May-2025 07:11:47 Europe/Berlin] Database connection successful
[24-May-2025 07:11:47 Europe/Berlin] Database query test successful
[24-May-2025 07:11:47 Europe/Berlin] Search parameter: 
[24-May-2025 07:11:47 Europe/Berlin] Default query executed successfully
[24-May-2025 07:11:47 Europe/Berlin] Number of results: 3
[24-May-2025 07:12:12 Europe/Berlin] Session started
[24-May-2025 07:12:12 Europe/Berlin] Database connection file included
[24-May-2025 07:12:12 Europe/Berlin] Database connection successful
[24-May-2025 07:12:12 Europe/Berlin] Database query test successful
[24-May-2025 07:12:12 Europe/Berlin] Search parameter: 
[24-May-2025 07:12:12 Europe/Berlin] Default query executed successfully
[24-May-2025 07:12:12 Europe/Berlin] Number of results: 3
[24-May-2025 07:12:14 Europe/Berlin] Session started
[24-May-2025 07:12:14 Europe/Berlin] Database connection file included
[24-May-2025 07:12:14 Europe/Berlin] Database connection successful
[24-May-2025 07:12:14 Europe/Berlin] Database query test successful
[24-May-2025 07:12:14 Europe/Berlin] Search parameter: 
[24-May-2025 07:12:14 Europe/Berlin] Default query executed successfully
[24-May-2025 07:12:14 Europe/Berlin] Number of results: 3
[24-May-2025 07:12:16 Europe/Berlin] Session started
[24-May-2025 07:12:16 Europe/Berlin] Database connection file included
[24-May-2025 07:12:16 Europe/Berlin] Database connection successful
[24-May-2025 07:12:16 Europe/Berlin] Database query test successful
[24-May-2025 07:12:16 Europe/Berlin] Search parameter: 
[24-May-2025 07:12:16 Europe/Berlin] Default query executed successfully
[24-May-2025 07:12:16 Europe/Berlin] Number of results: 3
[24-May-2025 07:12:20 Europe/Berlin] Session started
[24-May-2025 07:12:20 Europe/Berlin] Database connection file included
[24-May-2025 07:12:20 Europe/Berlin] Database connection successful
[24-May-2025 07:12:20 Europe/Berlin] Database query test successful
[24-May-2025 07:12:20 Europe/Berlin] Search parameter: 
[24-May-2025 07:12:20 Europe/Berlin] Default query executed successfully
[24-May-2025 07:12:20 Europe/Berlin] Number of results: 3
[24-May-2025 07:12:30 Europe/Berlin] Session started
[24-May-2025 07:12:30 Europe/Berlin] Database connection file included
[24-May-2025 07:12:30 Europe/Berlin] Database connection successful
[24-May-2025 07:12:30 Europe/Berlin] Database query test successful
[24-May-2025 07:12:30 Europe/Berlin] Search parameter: 
[24-May-2025 07:12:30 Europe/Berlin] Default query executed successfully
[24-May-2025 07:12:30 Europe/Berlin] Number of results: 3
[24-May-2025 07:12:56 Europe/Berlin] Session started
[24-May-2025 07:12:56 Europe/Berlin] Database connection file included
[24-May-2025 07:12:56 Europe/Berlin] Database connection successful
[24-May-2025 07:12:56 Europe/Berlin] Database query test successful
[24-May-2025 07:12:56 Europe/Berlin] Search parameter: 
[24-May-2025 07:12:56 Europe/Berlin] Default query executed successfully
[24-May-2025 07:12:56 Europe/Berlin] Number of results: 3
[24-May-2025 07:13:03 Europe/Berlin] Session started
[24-May-2025 07:13:03 Europe/Berlin] Database connection file included
[24-May-2025 07:13:03 Europe/Berlin] Database connection successful
[24-May-2025 07:13:03 Europe/Berlin] Database query test successful
[24-May-2025 07:13:03 Europe/Berlin] Search parameter: 
[24-May-2025 07:13:03 Europe/Berlin] Default query executed successfully
[24-May-2025 07:13:03 Europe/Berlin] Number of results: 3
[24-May-2025 07:13:10 Europe/Berlin] Session started
[24-May-2025 07:13:10 Europe/Berlin] Database connection file included
[24-May-2025 07:13:10 Europe/Berlin] Database connection successful
[24-May-2025 07:13:10 Europe/Berlin] Database query test successful
[24-May-2025 07:13:10 Europe/Berlin] Search parameter: 
[24-May-2025 07:13:10 Europe/Berlin] Default query executed successfully
[24-May-2025 07:13:10 Europe/Berlin] Number of results: 3
[24-May-2025 07:13:33 Europe/Berlin] Session started
[24-May-2025 07:13:33 Europe/Berlin] Database connection file included
[24-May-2025 07:13:33 Europe/Berlin] Database connection successful
[24-May-2025 07:13:33 Europe/Berlin] Database query test successful
[24-May-2025 07:13:33 Europe/Berlin] Search parameter: 
[24-May-2025 07:13:33 Europe/Berlin] Default query executed successfully
[24-May-2025 07:13:33 Europe/Berlin] Number of results: 2
