[30-May-2025 19:47:47 Europe/Berlin] Updating event statuses at: 2025-05-30 19:47:47
[30-May-2025 19:47:47 Europe/Berlin] Checking for events to delete at: 2025-05-30 19:47:47
[30-May-2025 19:47:47 Europe/Berlin] No completed events to delete
[30-May-2025 19:47:47 Europe/Berlin] Successfully updated event statuses in all tables
[30-May-2025 19:47:54 Europe/Berlin] Updating event statuses at: 2025-05-30 19:47:54
[30-May-2025 19:47:54 Europe/Berlin] Checking for events to delete at: 2025-05-30 19:47:54
[30-May-2025 19:47:54 Europe/Berlin] No completed events to delete
[30-May-2025 19:47:54 Europe/Berlin] Successfully updated event statuses in all tables
[30-May-2025 19:51:21 Europe/Berlin] Updating event statuses at: 2025-05-30 19:51:21
[30-May-2025 19:51:21 Europe/Berlin] Checking for events to delete at: 2025-05-30 19:51:21
[30-May-2025 19:51:21 Europe/Berlin] No completed events to delete
[30-May-2025 19:51:21 Europe/Berlin] Successfully updated event statuses in all tables
[31-May-2025 02:11:36 Asia/Manila] Updating event statuses at: 2025-05-31 02:11:36
[31-May-2025 02:11:36 Asia/Manila] Checking for events to delete at: 2025-05-31 02:11:36
[31-May-2025 02:11:36 Asia/Manila] Deleted 6 completed events
[31-May-2025 02:11:36 Asia/Manila] Successfully updated event statuses in all tables
[31-May-2025 02:11:40 Asia/Manila] Updating event statuses at: 2025-05-31 02:11:40
[31-May-2025 02:11:40 Asia/Manila] Checking for events to delete at: 2025-05-31 02:11:40
[31-May-2025 02:11:40 Asia/Manila] No completed events to delete
[31-May-2025 02:11:40 Asia/Manila] Successfully updated event statuses in all tables
[30-May-2025 20:11:42 Europe/Berlin] Updating event statuses at: 2025-05-30 20:11:42
[30-May-2025 20:11:42 Europe/Berlin] Checking for events to delete at: 2025-05-30 20:11:42
[30-May-2025 20:11:42 Europe/Berlin] No completed events to delete
[30-May-2025 20:11:42 Europe/Berlin] Successfully updated event statuses in all tables
[30-May-2025 20:12:13 Europe/Berlin] Updating event statuses at: 2025-05-30 20:12:13
[30-May-2025 20:12:13 Europe/Berlin] Checking for events to delete at: 2025-05-30 20:12:13
[30-May-2025 20:12:13 Europe/Berlin] No completed events to delete
[30-May-2025 20:12:13 Europe/Berlin] Successfully updated event statuses in all tables
[31-May-2025 02:12:16 Asia/Manila] Updating event statuses at: 2025-05-31 02:12:16
[31-May-2025 02:12:16 Asia/Manila] Checking for events to delete at: 2025-05-31 02:12:16
[31-May-2025 02:12:16 Asia/Manila] No completed events to delete
[31-May-2025 02:12:16 Asia/Manila] Successfully updated event statuses in all tables
[31-May-2025 02:12:43 Asia/Manila] Updating event statuses at: 2025-05-31 02:12:43
[31-May-2025 02:12:43 Asia/Manila] Checking for events to delete at: 2025-05-31 02:12:43
[31-May-2025 02:12:43 Asia/Manila] No completed events to delete
[31-May-2025 02:12:43 Asia/Manila] Successfully updated event statuses in all tables
[30-May-2025 20:14:53 Europe/Berlin] Updating event statuses at: 2025-05-30 20:14:53
[30-May-2025 20:14:53 Europe/Berlin] Checking for events to delete at: 2025-05-30 20:14:53
[30-May-2025 20:14:53 Europe/Berlin] No completed events to delete
[30-May-2025 20:14:53 Europe/Berlin] Successfully updated event statuses in all tables
[30-May-2025 20:14:58 Europe/Berlin] Updating event statuses at: 2025-05-30 20:14:58
[30-May-2025 20:14:58 Europe/Berlin] Checking for events to delete at: 2025-05-30 20:14:58
[30-May-2025 20:14:58 Europe/Berlin] No completed events to delete
[30-May-2025 20:14:58 Europe/Berlin] Successfully updated event statuses in all tables
[30-May-2025 20:22:39 Europe/Berlin] Updating event statuses at: 2025-05-30 20:22:39
[30-May-2025 20:22:39 Europe/Berlin] Checking for events to delete at: 2025-05-30 20:22:39
[30-May-2025 20:22:39 Europe/Berlin] No completed events to delete
[30-May-2025 20:22:39 Europe/Berlin] Successfully updated event statuses in all tables
[30-May-2025 20:22:44 Europe/Berlin] Updating event statuses at: 2025-05-30 20:22:44
[30-May-2025 20:22:44 Europe/Berlin] Checking for events to delete at: 2025-05-30 20:22:44
[30-May-2025 20:22:44 Europe/Berlin] No completed events to delete
[30-May-2025 20:22:44 Europe/Berlin] Successfully updated event statuses in all tables
[30-May-2025 20:23:56 Europe/Berlin] Updating event statuses at: 2025-05-30 20:23:56
[30-May-2025 20:23:56 Europe/Berlin] Checking for events to delete at: 2025-05-30 20:23:56
[30-May-2025 20:23:56 Europe/Berlin] No completed events to delete
[30-May-2025 20:23:56 Europe/Berlin] Successfully updated event statuses in all tables
[30-May-2025 20:24:10 Europe/Berlin] Updating event statuses at: 2025-05-30 20:24:10
[30-May-2025 20:24:10 Europe/Berlin] Checking for events to delete at: 2025-05-30 20:24:10
[30-May-2025 20:24:10 Europe/Berlin] No completed events to delete
[30-May-2025 20:24:10 Europe/Berlin] Successfully updated event statuses in all tables
[30-May-2025 20:24:30 Europe/Berlin] Updating event statuses at: 2025-05-30 20:24:30
[30-May-2025 20:24:30 Europe/Berlin] Checking for events to delete at: 2025-05-30 20:24:30
[30-May-2025 20:24:30 Europe/Berlin] No completed events to delete
[30-May-2025 20:24:30 Europe/Berlin] Successfully updated event statuses in all tables
[30-May-2025 20:29:07 Europe/Berlin] Updating event statuses at: 2025-05-30 20:29:07
[30-May-2025 20:29:07 Europe/Berlin] Checking for events to delete at: 2025-05-30 20:29:07
[30-May-2025 20:29:07 Europe/Berlin] No completed events to delete
[30-May-2025 20:29:07 Europe/Berlin] Successfully updated event statuses in all tables
[30-May-2025 20:29:13 Europe/Berlin] Updating event statuses at: 2025-05-30 20:29:13
[30-May-2025 20:29:13 Europe/Berlin] Checking for events to delete at: 2025-05-30 20:29:13
[30-May-2025 20:29:13 Europe/Berlin] No completed events to delete
[30-May-2025 20:29:13 Europe/Berlin] Successfully updated event statuses in all tables
[30-May-2025 20:31:30 Europe/Berlin] Updating event statuses at: 2025-05-30 20:31:30
[30-May-2025 20:31:30 Europe/Berlin] Checking for events to delete at: 2025-05-30 20:31:30
[30-May-2025 20:31:30 Europe/Berlin] No completed events to delete
[30-May-2025 20:31:30 Europe/Berlin] Successfully updated event statuses in all tables
[30-May-2025 21:05:35 Europe/Berlin] Updating event statuses at: 2025-05-30 21:05:35
[30-May-2025 21:05:35 Europe/Berlin] Checking for events to delete at: 2025-05-30 21:05:35
[30-May-2025 21:05:35 Europe/Berlin] No completed events to delete
[30-May-2025 21:05:35 Europe/Berlin] Successfully updated event statuses in all tables
[30-May-2025 21:05:39 Europe/Berlin] Updating event statuses at: 2025-05-30 21:05:39
[30-May-2025 21:05:39 Europe/Berlin] Checking for events to delete at: 2025-05-30 21:05:39
[30-May-2025 21:05:39 Europe/Berlin] No completed events to delete
[30-May-2025 21:05:39 Europe/Berlin] Successfully updated event statuses in all tables
[30-May-2025 21:06:28 Europe/Berlin] Updating event statuses at: 2025-05-30 21:06:28
[30-May-2025 21:06:28 Europe/Berlin] Checking for events to delete at: 2025-05-30 21:06:28
[30-May-2025 21:06:28 Europe/Berlin] No completed events to delete
[30-May-2025 21:06:28 Europe/Berlin] Successfully updated event statuses in all tables
[30-May-2025 21:09:10 Europe/Berlin] Updating event statuses at: 2025-05-30 21:09:10
[30-May-2025 21:09:10 Europe/Berlin] Checking for events to delete at: 2025-05-30 21:09:10
[30-May-2025 21:09:10 Europe/Berlin] No completed events to delete
[30-May-2025 21:09:10 Europe/Berlin] Successfully updated event statuses in all tables
[31-May-2025 03:20:13 Asia/Manila] Updating event statuses at: 2025-05-31 03:20:13
[31-May-2025 03:20:13 Asia/Manila] Checking for events to delete at: 2025-05-31 03:20:13
[31-May-2025 03:20:13 Asia/Manila] Deleted 1 completed events
[31-May-2025 03:20:13 Asia/Manila] Successfully updated event statuses in all tables
[31-May-2025 03:20:13 Asia/Manila] PHP Deprecated:  DateTime::__construct(): Passing null to parameter #1 ($datetime) of type string is deprecated in C:\HTML src\src\Project_Event_Database\pages\11_Attendance.php on line 287
[30-May-2025 21:20:16 Europe/Berlin] Updating event statuses at: 2025-05-30 21:20:16
[30-May-2025 21:20:16 Europe/Berlin] Checking for events to delete at: 2025-05-30 21:20:16
[30-May-2025 21:20:16 Europe/Berlin] No completed events to delete
[30-May-2025 21:20:16 Europe/Berlin] Successfully updated event statuses in all tables
[30-May-2025 21:20:47 Europe/Berlin] Updating event statuses at: 2025-05-30 21:20:47
[30-May-2025 21:20:47 Europe/Berlin] Checking for events to delete at: 2025-05-30 21:20:47
[30-May-2025 21:20:47 Europe/Berlin] No completed events to delete
[30-May-2025 21:20:47 Europe/Berlin] Successfully updated event statuses in all tables
[30-May-2025 21:20:53 Europe/Berlin] Updating event statuses at: 2025-05-30 21:20:53
[30-May-2025 21:20:53 Europe/Berlin] Checking for events to delete at: 2025-05-30 21:20:53
[30-May-2025 21:20:53 Europe/Berlin] No completed events to delete
[30-May-2025 21:20:53 Europe/Berlin] Successfully updated event statuses in all tables
[31-May-2025 03:20:54 Asia/Manila] Updating event statuses at: 2025-05-31 03:20:54
[31-May-2025 03:20:54 Asia/Manila] Checking for events to delete at: 2025-05-31 03:20:54
[31-May-2025 03:20:54 Asia/Manila] No completed events to delete
[31-May-2025 03:20:54 Asia/Manila] Successfully updated event statuses in all tables
[30-May-2025 21:21:04 Europe/Berlin] Updating event statuses at: 2025-05-30 21:21:04
[30-May-2025 21:21:04 Europe/Berlin] Checking for events to delete at: 2025-05-30 21:21:04
[30-May-2025 21:21:04 Europe/Berlin] No completed events to delete
[30-May-2025 21:21:04 Europe/Berlin] Successfully updated event statuses in all tables
[30-May-2025 21:21:04 Europe/Berlin] DEBUG - Full event data: Array
(
    [number] => 164
    [event_title] => On the Job Training
    [event_status] => ongoing
    [registration_status] => open
    [event_start] => 2025-05-31 03:20:00.000000
    [event_end] => 2025-05-31 05:20:00.000000
    [organization] => Department of Science
)

[30-May-2025 21:21:04 Europe/Berlin] DEBUG - Organization from database: 'Department of Science'
[30-May-2025 21:21:04 Europe/Berlin] DEBUG - Student course: 'BSIT'
[30-May-2025 21:21:04 Europe/Berlin] PHP Error [2]: Undefined variable $COURSE_RESTRICTIONS in C:\HTML src\src\Project_Event_Database\php\process_attendance.php on line 164
[30-May-2025 21:21:04 Europe/Berlin] DEBUG - Available organizations: 
[30-May-2025 21:21:04 Europe/Berlin] DEBUG - isCourseAllowed function called
[30-May-2025 21:21:04 Europe/Berlin] DEBUG - Organization received: 'Department of Science'
[30-May-2025 21:21:04 Europe/Berlin] DEBUG - Student course received: 'BSIT'
[30-May-2025 21:21:04 Europe/Berlin] DEBUG - Available organizations: Array
(
    [0] => Open for All
    [1] => College of Computer Studies (BSIT, BSCS)
    [2] => College of Education (BSEDUC)
    [3] => College of Nursing (BSN)
    [4] => College of International Hospitality Management (BSHM)
    [5] => College of Business Administration (BSBA)
    [6] => College of Arts and Sciences
    [7] => College of Engineering (BSENG)
)

[30-May-2025 21:21:04 Europe/Berlin] DEBUG - Organization 'Department of Science' not found in restrictions
[30-May-2025 21:21:04 Europe/Berlin] DEBUG - Available organizations are: Open for All, College of Computer Studies (BSIT, BSCS), College of Education (BSEDUC), College of Nursing (BSN), College of International Hospitality Management (BSHM), College of Business Administration (BSBA), College of Arts and Sciences, College of Engineering (BSENG)
[30-May-2025 21:21:04 Europe/Berlin] Course restriction check failed: Course 'BSIT' not allowed for organization 'Department of Science'
[30-May-2025 21:21:04 Europe/Berlin] Attendance Error: This event is restricted to specific courses. Your course (BSIT) is not eligible for this event.
[30-May-2025 21:21:04 Europe/Berlin] Sending response - Success: false, Message: This event is restricted to specific courses. Your course (BSIT) is not eligible for this event.
[31-May-2025 13:34:33 Europe/Berlin] Updating event statuses at: 2025-05-31 13:34:33
[31-May-2025 13:34:33 Europe/Berlin] Checking for events to delete at: 2025-05-31 13:34:33
[31-May-2025 13:34:33 Europe/Berlin] No completed events to delete
[31-May-2025 13:34:33 Europe/Berlin] Successfully updated event statuses in all tables
[31-May-2025 13:34:48 Europe/Berlin] Updating event statuses at: 2025-05-31 13:34:48
[31-May-2025 13:34:48 Europe/Berlin] Checking for events to delete at: 2025-05-31 13:34:48
[31-May-2025 13:34:48 Europe/Berlin] Deleted 1 completed events
[31-May-2025 13:34:48 Europe/Berlin] Successfully updated event statuses in all tables
[31-May-2025 19:34:50 Asia/Manila] Updating event statuses at: 2025-05-31 19:34:50
[31-May-2025 19:34:50 Asia/Manila] Checking for events to delete at: 2025-05-31 19:34:50
[31-May-2025 19:34:50 Asia/Manila] No completed events to delete
[31-May-2025 19:34:50 Asia/Manila] Successfully updated event statuses in all tables
[31-May-2025 13:34:52 Europe/Berlin] Updating event statuses at: 2025-05-31 13:34:52
[31-May-2025 13:34:52 Europe/Berlin] Checking for events to delete at: 2025-05-31 13:34:52
[31-May-2025 13:34:52 Europe/Berlin] No completed events to delete
[31-May-2025 13:34:52 Europe/Berlin] Successfully updated event statuses in all tables
[31-May-2025 13:35:08 Europe/Berlin] Updating event statuses at: 2025-05-31 13:35:08
[31-May-2025 13:35:08 Europe/Berlin] Checking for events to delete at: 2025-05-31 13:35:08
[31-May-2025 13:35:08 Europe/Berlin] Deleted 1 completed events
[31-May-2025 13:35:08 Europe/Berlin] Successfully updated event statuses in all tables
[31-May-2025 13:41:26 Europe/Berlin] Updating event statuses at: 2025-05-31 13:41:26
[31-May-2025 13:41:26 Europe/Berlin] Checking for events to delete at: 2025-05-31 13:41:26
[31-May-2025 13:41:26 Europe/Berlin] No completed events to delete
[31-May-2025 13:41:26 Europe/Berlin] Successfully updated event statuses in all tables
[31-May-2025 13:43:44 Europe/Berlin] Updating event statuses at: 2025-05-31 13:43:44
[31-May-2025 13:43:44 Europe/Berlin] Checking for events to delete at: 2025-05-31 13:43:44
[31-May-2025 13:43:44 Europe/Berlin] No completed events to delete
[31-May-2025 13:43:44 Europe/Berlin] Successfully updated event statuses in all tables
[31-May-2025 13:43:52 Europe/Berlin] Updating event statuses at: 2025-05-31 13:43:52
[31-May-2025 13:43:52 Europe/Berlin] Checking for events to delete at: 2025-05-31 13:43:52
[31-May-2025 13:43:52 Europe/Berlin] No completed events to delete
[31-May-2025 13:43:52 Europe/Berlin] Successfully updated event statuses in all tables
[31-May-2025 13:43:58 Europe/Berlin] Updating event statuses at: 2025-05-31 13:43:58
[31-May-2025 13:43:58 Europe/Berlin] Checking for events to delete at: 2025-05-31 13:43:58
[31-May-2025 13:43:58 Europe/Berlin] No completed events to delete
[31-May-2025 13:43:58 Europe/Berlin] Successfully updated event statuses in all tables
[31-May-2025 13:44:04 Europe/Berlin] Updating event statuses at: 2025-05-31 13:44:04
[31-May-2025 13:44:04 Europe/Berlin] Checking for events to delete at: 2025-05-31 13:44:04
[31-May-2025 13:44:04 Europe/Berlin] No completed events to delete
[31-May-2025 13:44:04 Europe/Berlin] Successfully updated event statuses in all tables
[31-May-2025 14:04:26 Europe/Berlin] Updating event statuses at: 2025-05-31 14:04:26
[31-May-2025 14:04:26 Europe/Berlin] Checking for events to delete at: 2025-05-31 14:04:26
[31-May-2025 14:04:26 Europe/Berlin] No completed events to delete
[31-May-2025 14:04:26 Europe/Berlin] Successfully updated event statuses in all tables
[31-May-2025 14:04:29 Europe/Berlin] Updating event statuses at: 2025-05-31 14:04:29
[31-May-2025 14:04:29 Europe/Berlin] Checking for events to delete at: 2025-05-31 14:04:29
[31-May-2025 14:04:29 Europe/Berlin] No completed events to delete
[31-May-2025 14:04:29 Europe/Berlin] Successfully updated event statuses in all tables
[31-May-2025 14:04:32 Europe/Berlin] Updating event statuses at: 2025-05-31 14:04:32
[31-May-2025 14:04:32 Europe/Berlin] Checking for events to delete at: 2025-05-31 14:04:32
[31-May-2025 14:04:32 Europe/Berlin] No completed events to delete
[31-May-2025 14:04:32 Europe/Berlin] Successfully updated event statuses in all tables
[31-May-2025 14:04:34 Europe/Berlin] Updating event statuses at: 2025-05-31 14:04:34
[31-May-2025 14:04:34 Europe/Berlin] Checking for events to delete at: 2025-05-31 14:04:34
[31-May-2025 14:04:34 Europe/Berlin] No completed events to delete
[31-May-2025 14:04:34 Europe/Berlin] Successfully updated event statuses in all tables
[31-May-2025 14:04:41 Europe/Berlin] Updating event statuses at: 2025-05-31 14:04:41
[31-May-2025 14:04:41 Europe/Berlin] Checking for events to delete at: 2025-05-31 14:04:41
[31-May-2025 14:04:41 Europe/Berlin] No completed events to delete
[31-May-2025 14:04:41 Europe/Berlin] Successfully updated event statuses in all tables
[31-May-2025 14:04:44 Europe/Berlin] Updating event statuses at: 2025-05-31 14:04:44
[31-May-2025 14:04:44 Europe/Berlin] Checking for events to delete at: 2025-05-31 14:04:44
[31-May-2025 14:04:44 Europe/Berlin] No completed events to delete
[31-May-2025 14:04:44 Europe/Berlin] Successfully updated event statuses in all tables
[31-May-2025 14:04:45 Europe/Berlin] Updating event statuses at: 2025-05-31 14:04:45
[31-May-2025 14:04:45 Europe/Berlin] Checking for events to delete at: 2025-05-31 14:04:45
[31-May-2025 14:04:45 Europe/Berlin] No completed events to delete
[31-May-2025 14:04:45 Europe/Berlin] Successfully updated event statuses in all tables
[31-May-2025 14:06:31 Europe/Berlin] Updating event statuses at: 2025-05-31 14:06:31
[31-May-2025 14:06:31 Europe/Berlin] Checking for events to delete at: 2025-05-31 14:06:31
[31-May-2025 14:06:31 Europe/Berlin] No completed events to delete
[31-May-2025 14:06:31 Europe/Berlin] Successfully updated event statuses in all tables
[31-May-2025 14:06:49 Europe/Berlin] Updating event statuses at: 2025-05-31 14:06:49
[31-May-2025 14:06:49 Europe/Berlin] Checking for events to delete at: 2025-05-31 14:06:49
[31-May-2025 14:06:49 Europe/Berlin] No completed events to delete
[31-May-2025 14:06:49 Europe/Berlin] Successfully updated event statuses in all tables
[31-May-2025 14:07:28 Europe/Berlin] Updating event statuses at: 2025-05-31 14:07:28
[31-May-2025 14:07:28 Europe/Berlin] Checking for events to delete at: 2025-05-31 14:07:28
[31-May-2025 14:07:28 Europe/Berlin] No completed events to delete
[31-May-2025 14:07:28 Europe/Berlin] Successfully updated event statuses in all tables
[31-May-2025 14:11:10 Europe/Berlin] Updating event statuses at: 2025-05-31 14:11:10
[31-May-2025 14:11:10 Europe/Berlin] Checking for events to delete at: 2025-05-31 14:11:10
[31-May-2025 14:11:10 Europe/Berlin] No completed events to delete
[31-May-2025 14:11:10 Europe/Berlin] Successfully updated event statuses in all tables
[31-May-2025 14:12:27 Europe/Berlin] Updating event statuses at: 2025-05-31 14:12:27
[31-May-2025 14:12:27 Europe/Berlin] Checking for events to delete at: 2025-05-31 14:12:27
[31-May-2025 14:12:27 Europe/Berlin] Deleted 1 completed events
[31-May-2025 14:12:27 Europe/Berlin] Successfully updated event statuses in all tables
[31-May-2025 14:12:37 Europe/Berlin] Updating event statuses at: 2025-05-31 14:12:37
[31-May-2025 14:12:37 Europe/Berlin] Checking for events to delete at: 2025-05-31 14:12:37
[31-May-2025 14:12:37 Europe/Berlin] Deleted 1 completed events
[31-May-2025 14:12:37 Europe/Berlin] Successfully updated event statuses in all tables
[31-May-2025 14:12:55 Europe/Berlin] Updating event statuses at: 2025-05-31 14:12:55
[31-May-2025 14:12:55 Europe/Berlin] Checking for events to delete at: 2025-05-31 14:12:55
[31-May-2025 14:12:55 Europe/Berlin] Deleted 1 completed events
[31-May-2025 14:12:55 Europe/Berlin] Successfully updated event statuses in all tables
[31-May-2025 14:13:09 Europe/Berlin] Updating event statuses at: 2025-05-31 14:13:09
[31-May-2025 14:13:09 Europe/Berlin] Checking for events to delete at: 2025-05-31 14:13:09
[31-May-2025 14:13:09 Europe/Berlin] No completed events to delete
[31-May-2025 14:13:09 Europe/Berlin] Successfully updated event statuses in all tables
[31-May-2025 14:13:29 Europe/Berlin] Updating event statuses at: 2025-05-31 14:13:29
[31-May-2025 14:13:29 Europe/Berlin] Checking for events to delete at: 2025-05-31 14:13:29
[31-May-2025 14:13:29 Europe/Berlin] No completed events to delete
[31-May-2025 14:13:29 Europe/Berlin] Successfully updated event statuses in all tables
[31-May-2025 14:13:50 Europe/Berlin] Updating event statuses at: 2025-05-31 14:13:50
[31-May-2025 14:13:50 Europe/Berlin] Checking for events to delete at: 2025-05-31 14:13:50
[31-May-2025 14:13:50 Europe/Berlin] No completed events to delete
[31-May-2025 14:13:50 Europe/Berlin] Successfully updated event statuses in all tables
[31-May-2025 14:39:12 Europe/Berlin] Updating event statuses at: 2025-05-31 14:39:12
[31-May-2025 14:39:12 Europe/Berlin] Checking for events to delete at: 2025-05-31 14:39:12
[31-May-2025 14:39:12 Europe/Berlin] No completed events to delete
[31-May-2025 14:39:12 Europe/Berlin] Successfully updated event statuses in all tables
[31-May-2025 20:39:22 Asia/Manila] Updating event statuses at: 2025-05-31 20:39:22
[31-May-2025 20:39:22 Asia/Manila] Checking for events to delete at: 2025-05-31 20:39:22
[31-May-2025 20:39:22 Asia/Manila] No completed events to delete
[31-May-2025 20:39:22 Asia/Manila] Successfully updated event statuses in all tables
[31-May-2025 20:39:22 Asia/Manila] PHP Deprecated:  DateTime::__construct(): Passing null to parameter #1 ($datetime) of type string is deprecated in C:\HTML src\src\Project_Event_Database\pages\11_Attendance.php on line 287
[31-May-2025 14:39:23 Europe/Berlin] Updating event statuses at: 2025-05-31 14:39:23
[31-May-2025 14:39:23 Europe/Berlin] Checking for events to delete at: 2025-05-31 14:39:23
[31-May-2025 14:39:23 Europe/Berlin] No completed events to delete
[31-May-2025 14:39:23 Europe/Berlin] Successfully updated event statuses in all tables
[31-May-2025 14:39:40 Europe/Berlin] Updating event statuses at: 2025-05-31 14:39:40
[31-May-2025 14:39:40 Europe/Berlin] Checking for events to delete at: 2025-05-31 14:39:40
[31-May-2025 14:39:40 Europe/Berlin] No completed events to delete
[31-May-2025 14:39:40 Europe/Berlin] Successfully updated event statuses in all tables
[31-May-2025 14:39:56 Europe/Berlin] Updating event statuses at: 2025-05-31 14:39:56
[31-May-2025 14:39:56 Europe/Berlin] Checking for events to delete at: 2025-05-31 14:39:56
[31-May-2025 14:39:56 Europe/Berlin] No completed events to delete
[31-May-2025 14:39:56 Europe/Berlin] Successfully updated event statuses in all tables
[31-May-2025 14:41:28 Europe/Berlin] Updating event statuses at: 2025-05-31 14:41:28
[31-May-2025 14:41:28 Europe/Berlin] Checking for events to delete at: 2025-05-31 14:41:28
[31-May-2025 14:41:28 Europe/Berlin] No completed events to delete
[31-May-2025 14:41:28 Europe/Berlin] Successfully updated event statuses in all tables
[31-May-2025 20:41:30 Asia/Manila] Updating event statuses at: 2025-05-31 20:41:30
[31-May-2025 20:41:30 Asia/Manila] Checking for events to delete at: 2025-05-31 20:41:30
[31-May-2025 20:41:30 Asia/Manila] No completed events to delete
[31-May-2025 20:41:30 Asia/Manila] Successfully updated event statuses in all tables
[31-May-2025 14:41:33 Europe/Berlin] Updating event statuses at: 2025-05-31 14:41:33
[31-May-2025 14:41:33 Europe/Berlin] Checking for events to delete at: 2025-05-31 14:41:33
[31-May-2025 14:41:33 Europe/Berlin] No completed events to delete
[31-May-2025 14:41:33 Europe/Berlin] Successfully updated event statuses in all tables
[31-May-2025 14:58:16 Europe/Berlin] Updating event statuses at: 2025-05-31 14:58:16
[31-May-2025 14:58:16 Europe/Berlin] Checking for events to delete at: 2025-05-31 14:58:16
[31-May-2025 14:58:16 Europe/Berlin] No completed events to delete
[31-May-2025 14:58:16 Europe/Berlin] Successfully updated event statuses in all tables
[31-May-2025 14:58:34 Europe/Berlin] Updating event statuses at: 2025-05-31 14:58:34
[31-May-2025 14:58:34 Europe/Berlin] Checking for events to delete at: 2025-05-31 14:58:34
[31-May-2025 14:58:34 Europe/Berlin] No completed events to delete
[31-May-2025 14:58:34 Europe/Berlin] Successfully updated event statuses in all tables
[31-May-2025 14:58:41 Europe/Berlin] Updating event statuses at: 2025-05-31 14:58:41
[31-May-2025 14:58:41 Europe/Berlin] Checking for events to delete at: 2025-05-31 14:58:41
[31-May-2025 14:58:41 Europe/Berlin] No completed events to delete
[31-May-2025 14:58:41 Europe/Berlin] Successfully updated event statuses in all tables
[31-May-2025 20:58:47 Asia/Manila] Updating event statuses at: 2025-05-31 20:58:47
[31-May-2025 20:58:47 Asia/Manila] Checking for events to delete at: 2025-05-31 20:58:47
[31-May-2025 20:58:47 Asia/Manila] No completed events to delete
[31-May-2025 20:58:47 Asia/Manila] Successfully updated event statuses in all tables
[31-May-2025 14:58:48 Europe/Berlin] Updating event statuses at: 2025-05-31 14:58:48
[31-May-2025 14:58:48 Europe/Berlin] Checking for events to delete at: 2025-05-31 14:58:48
[31-May-2025 14:58:48 Europe/Berlin] No completed events to delete
[31-May-2025 14:58:48 Europe/Berlin] Successfully updated event statuses in all tables
[31-May-2025 20:59:01 Asia/Manila] Updating event statuses at: 2025-05-31 20:59:01
[31-May-2025 20:59:01 Asia/Manila] Checking for events to delete at: 2025-05-31 20:59:01
[31-May-2025 20:59:01 Asia/Manila] No completed events to delete
[31-May-2025 20:59:01 Asia/Manila] Successfully updated event statuses in all tables
[31-May-2025 20:59:05 Asia/Manila] Updating event statuses at: 2025-05-31 20:59:05
[31-May-2025 20:59:05 Asia/Manila] Checking for events to delete at: 2025-05-31 20:59:05
[31-May-2025 20:59:05 Asia/Manila] No completed events to delete
[31-May-2025 20:59:05 Asia/Manila] Successfully updated event statuses in all tables
